--- INICIO DE SESION ---
[2025-11-21 12:36:35] [INFO] Estado M1 cambio a: INACTIVO
--- INICIO DE SESION ---
[2025-11-21 12:39:27] [INFO] Estado M2 cambio a: INACTIVO
[2025-11-21 12:39:48] [INFO] Estado M1 cambio a: DESCARGANDO_FTP
[2025-11-21 12:39:49] [INFO] Estado M1 cambio a: PROCESANDO
[2025-11-21 12:39:51] [INFO] Estado M1 cambio a: INACTIVO
--- INICIO DE SESION ---
--- INICIO DE SESION ---
[2025-11-21 14:26:44] [INFO] Estado M1 cambio a: DESCARGANDO_FTP
[2025-11-21 14:26:45] [INFO] Estado M1 cambio a: PROCESANDO
[2025-11-21 14:26:46] [INFO] Estado M1 cambio a: INACTIVO
--- INICIO DE SESION ---
--- INICIO DE SESION ---
--- INICIO DE SESION ---
--- INICIO DE SESION ---
--- INICIO DE SESION ---
--- INICIO DE SESION ---
--- INICIO DE SESION ---
--- INICIO DE SESION ---
--- INICIO DE SESION ---
--- INICIO DE SESION ---
--- INICIO DE SESION ---
--- INICIO DE SESION ---
--- INICIO DE SESION ---
--- INICIO DE SESION ---
--- INICIO DE SESION ---
--- INICIO DE SESION ---
--- INICIO DE SESION ---
--- INICIO DE SESION ---
--- INICIO DE SESION ---
--- INICIO DE SESION ---
--- INICIO DE SESION ---
--- INICIO DE SESION ---
--- INICIO DE SESION ---
--- INICIO DE SESION ---
--- INICIO DE SESION ---
--- INICIO DE SESION ---
--- INICIO DE SESION ---
--- INICIO DE SESION ---
--- INICIO DE SESION ---
--- INICIO DE SESION ---
--- INICIO DE SESION ---
--- INICIO DE SESION ---
--- INICIO DE SESION ---
--- INICIO DE SESION ---
--- INICIO DE SESION ---
--- INICIO DE SESION ---
--- INICIO DE SESION ---
[2025-12-01 01:34:11] [INFO] Sistema Online
--- INICIO DE SESION ---
[2025-12-01 01:35:16] [INFO] Sistema Online
--- INICIO DE SESION ---
[2025-12-01 01:35:33] [INFO] Sistema Online
--- INICIO DE SESION ---
[2025-12-01 01:44:30] [INFO] Conexion MQTT Restaurada
--- INICIO DE SESION ---
[2025-12-01 01:57:42] [INFO] Conexion MQTT Restaurada
--- INICIO DE SESION ---
[2025-12-05 14:23:25] [INFO] Conexion MQTT Restaurada
--- INICIO DE SESION ---
[2025-12-05 14:23:37] [INFO] Conexion MQTT Restaurada
--- INICIO DE SESION ---
--- INICIO DE SESION ---
--- INICIO DE SESION ---
--- INICIO DE SESION ---
--- INICIO DE SESION ---
--- INICIO DE SESION ---
--- INICIO DE SESION ---
--- INICIO DE SESION ---
--- INICIO DE SESION ---
--- INICIO DE SESION ---
--- INICIO DE SESION ---
--- INICIO DE SESION ---
--- INICIO DE SESION ---
--- INICIO DE SESION ---
--- INICIO DE SESION ---
--- INICIO DE SESION ---
--- INICIO DE SESION ---
--- INICIO DE SESION ---
--- INICIO DE SESION ---
--- INICIO DE SESION ---
--- INICIO DE SESION ---
--- INICIO DE SESION ---
--- INICIO DE SESION ---
--- INICIO DE SESION ---
--- INICIO DE SESION ---
--- INICIO DE SESION ---
--- INICIO DE SESION ---
--- INICIO DE SESION ---
--- INICIO DE SESION ---
--- INICIO DE SESION ---
--- INICIO DE SESION ---
--- INICIO DE SESION ---
--- INICIO DE SESION ---
--- INICIO DE SESION ---
--- INICIO DE SESION ---
--- INICIO DE SESION ---
--- INICIO DE SESION ---
--- INICIO DE SESION ---
--- INICIO DE SESION ---
--- INICIO DE SESION ---
--- INICIO DE SESION ---
--- INICIO DE SESION ---
--- INICIO DE SESION ---
--- INICIO DE SESION ---
--- INICIO DE SESION ---
--- INICIO DE SESION ---
--- INICIO DE SESION ---
--- INICIO DE SESION ---
--- INICIO DE SESION ---
--- INICIO DE SESION ---
